c:\github\machinevision\w05_assignment_1\dll1\x64\debug\vc143.pdb
c:\github\machinevision\w05_assignment_1\dll1\x64\debug\vc143.idb
c:\github\machinevision\w05_assignment_1\dll1\x64\debug\unmanaged_calculator.obj
c:\github\machinevision\w05_assignment_1\dll1\x64\debug\nobjectdll.obj
c:\github\machinevision\w05_assignment_1\dll1\x64\debug\nobject.obj
c:\github\machinevision\w05_assignment_1\dll1\x64\debug\nimgprocessdll.obj
c:\github\machinevision\w05_assignment_1\dll1\x64\debug\nimgprocess.obj
c:\github\machinevision\w05_assignment_1\dll1\x64\debug\nimagedll.obj
c:\github\machinevision\w05_assignment_1\dll1\x64\debug\nimage.obj
c:\github\machinevision\w05_assignment_1\dll1\x64\debug\ngaugedll.obj
c:\github\machinevision\w05_assignment_1\dll1\x64\debug\ngauge.obj
c:\github\machinevision\w05_assignment_1\dll1\x64\debug\dllmain.obj
c:\github\machinevision\w05_assignment_1\dll1\x64\debug\dll1.exp
c:\github\machinevision\w05_assignment_1\dll1\x64\debug\dll1.pdb
c:\github\machinevision\w05_assignment_1\dll1\x64\debug\dll1.tlog\cl.command.1.tlog
c:\github\machinevision\w05_assignment_1\dll1\x64\debug\dll1.tlog\cl.read.1.tlog
c:\github\machinevision\w05_assignment_1\dll1\x64\debug\dll1.tlog\cl.write.1.tlog
c:\github\machinevision\w05_assignment_1\dll1\x64\debug\dll1.tlog\link-cvtres.read.1.tlog
c:\github\machinevision\w05_assignment_1\dll1\x64\debug\dll1.tlog\link-cvtres.write.1.tlog
c:\github\machinevision\w05_assignment_1\dll1\x64\debug\dll1.tlog\link-rc.read.1.tlog
c:\github\machinevision\w05_assignment_1\dll1\x64\debug\dll1.tlog\link-rc.write.1.tlog
c:\github\machinevision\w05_assignment_1\dll1\x64\debug\dll1.tlog\link.command.1.tlog
c:\github\machinevision\w05_assignment_1\dll1\x64\debug\dll1.tlog\link.read.1.tlog
c:\github\machinevision\w05_assignment_1\dll1\x64\debug\dll1.tlog\link.read.2.tlog
c:\github\machinevision\w05_assignment_1\dll1\x64\debug\dll1.tlog\link.write.1.tlog
